2026-02-04T00:01:18 | plotting.sample_plots -> plotting.sample or from plotting.sample.sample_plots | <frozen importlib._bootstrap>:241
2026-02-04T00:01:18 | plotting.endurance_plots -> plotting.endurance or from plotting.endurance.endurance_plots | <frozen importlib._bootstrap>:241
2026-02-04T00:01:18 | plotting.section_plots -> plotting.section or from plotting.section.section_plots | <frozen importlib._bootstrap>:241
2026-02-04T00:01:28 | plotting.sample_plots -> plotting.sample or from plotting.sample.sample_plots | <string>:5
2026-02-04T00:01:28 | plotting.endurance_plots -> plotting.endurance or from plotting.endurance.endurance_plots | <string>:5
2026-02-04T00:01:28 | plotting.section_plots -> plotting.section or from plotting.section.section_plots | <string>:5
2026-02-04T00:05:38 | plotting.sample_plots -> plotting.sample or from plotting.sample.sample_plots | <unknown>:0
2026-02-04T00:05:38 | plotting.endurance_plots -> plotting.endurance or from plotting.endurance.endurance_plots | <unknown>:0
2026-02-09T15:33:47 | plotting.sample_plots -> plotting.sample or from plotting.sample.sample_plots | C:\Users\ppxcv1\Documents\GitHub\Switchbox_GUI\analysis\aggregators\section_analyzer.py:81
2026-02-09T15:33:47 | plotting.endurance_plots -> plotting.endurance or from plotting.endurance.endurance_plots | C:\Users\ppxcv1\Documents\GitHub\Switchbox_GUI\analysis\aggregators\section_analyzer.py:81
2026-02-09T15:33:47 | plotting.device_combined_plots -> plotting.device or from plotting.device.device_combined_plots | C:\Users\ppxcv1\Documents\GitHub\Switchbox_GUI\analysis\aggregators\comprehensive_analyzer.py:72
2026-02-09T16:33:31 | plotting.sample_plots -> plotting.sample or from plotting.sample.sample_plots | C:\Users\ppxcv1\Documents\GitHub\Switchbox_GUI\analysis\aggregators\section_analyzer.py:81
2026-02-09T16:33:31 | plotting.endurance_plots -> plotting.endurance or from plotting.endurance.endurance_plots | C:\Users\ppxcv1\Documents\GitHub\Switchbox_GUI\analysis\aggregators\section_analyzer.py:81
2026-02-09T16:33:31 | plotting.device_combined_plots -> plotting.device or from plotting.device.device_combined_plots | C:\Users\ppxcv1\Documents\GitHub\Switchbox_GUI\analysis\aggregators\comprehensive_analyzer.py:72
2026-02-10T14:21:19 | plotting.sample_plots -> plotting.sample or from plotting.sample.sample_plots | C:\Users\ppxcv1\Documents\GitHub\Switchbox_GUI\analysis\aggregators\section_analyzer.py:81
2026-02-10T14:21:19 | plotting.endurance_plots -> plotting.endurance or from plotting.endurance.endurance_plots | C:\Users\ppxcv1\Documents\GitHub\Switchbox_GUI\analysis\aggregators\section_analyzer.py:81
2026-02-10T14:21:20 | plotting.device_combined_plots -> plotting.device or from plotting.device.device_combined_plots | C:\Users\ppxcv1\Documents\GitHub\Switchbox_GUI\analysis\aggregators\comprehensive_analyzer.py:72
2026-02-10T14:25:41 | plotting.sample_plots -> plotting.sample or from plotting.sample.sample_plots | C:\Users\ppxcv1\Documents\GitHub\Switchbox_GUI\analysis\aggregators\section_analyzer.py:81
2026-02-10T14:25:41 | plotting.endurance_plots -> plotting.endurance or from plotting.endurance.endurance_plots | C:\Users\ppxcv1\Documents\GitHub\Switchbox_GUI\analysis\aggregators\section_analyzer.py:81
2026-02-10T14:25:41 | plotting.device_combined_plots -> plotting.device or from plotting.device.device_combined_plots | C:\Users\ppxcv1\Documents\GitHub\Switchbox_GUI\analysis\aggregators\comprehensive_analyzer.py:72
2026-02-10T14:29:05 | plotting.sample_plots -> plotting.sample or from plotting.sample.sample_plots | C:\Users\ppxcv1\Documents\GitHub\Switchbox_GUI\analysis\aggregators\section_analyzer.py:81
2026-02-10T14:29:05 | plotting.endurance_plots -> plotting.endurance or from plotting.endurance.endurance_plots | C:\Users\ppxcv1\Documents\GitHub\Switchbox_GUI\analysis\aggregators\section_analyzer.py:81
2026-02-10T14:29:05 | plotting.device_combined_plots -> plotting.device or from plotting.device.device_combined_plots | C:\Users\ppxcv1\Documents\GitHub\Switchbox_GUI\analysis\aggregators\comprehensive_analyzer.py:72
2026-02-10T14:33:43 | plotting.sample_plots -> plotting.sample or from plotting.sample.sample_plots | C:\Users\ppxcv1\Documents\GitHub\Switchbox_GUI\analysis\aggregators\section_analyzer.py:81
2026-02-10T14:33:43 | plotting.endurance_plots -> plotting.endurance or from plotting.endurance.endurance_plots | C:\Users\ppxcv1\Documents\GitHub\Switchbox_GUI\analysis\aggregators\section_analyzer.py:81
2026-02-10T14:33:43 | plotting.device_combined_plots -> plotting.device or from plotting.device.device_combined_plots | C:\Users\ppxcv1\Documents\GitHub\Switchbox_GUI\analysis\aggregators\comprehensive_analyzer.py:72
2026-02-10T14:37:39 | plotting.sample_plots -> plotting.sample or from plotting.sample.sample_plots | C:\Users\ppxcv1\Documents\GitHub\Switchbox_GUI\analysis\aggregators\section_analyzer.py:81
2026-02-10T14:37:39 | plotting.endurance_plots -> plotting.endurance or from plotting.endurance.endurance_plots | C:\Users\ppxcv1\Documents\GitHub\Switchbox_GUI\analysis\aggregators\section_analyzer.py:81
2026-02-10T14:37:39 | plotting.device_combined_plots -> plotting.device or from plotting.device.device_combined_plots | C:\Users\ppxcv1\Documents\GitHub\Switchbox_GUI\analysis\aggregators\comprehensive_analyzer.py:72
2026-02-10T15:57:48 | plotting.sample_plots -> plotting.sample or from plotting.sample.sample_plots | C:\Users\ppxcv1\Documents\GitHub\Switchbox_GUI\analysis\aggregators\section_analyzer.py:81
2026-02-10T15:57:48 | plotting.endurance_plots -> plotting.endurance or from plotting.endurance.endurance_plots | C:\Users\ppxcv1\Documents\GitHub\Switchbox_GUI\analysis\aggregators\section_analyzer.py:81
2026-02-10T15:57:48 | plotting.device_combined_plots -> plotting.device or from plotting.device.device_combined_plots | C:\Users\ppxcv1\Documents\GitHub\Switchbox_GUI\analysis\aggregators\comprehensive_analyzer.py:72
2026-02-11T19:06:24 | plotting.sample_plots -> plotting.sample or from plotting.sample.sample_plots | C:\Users\ppxcv1\Documents\GitHub\Switchbox_GUI\analysis\aggregators\section_analyzer.py:81
2026-02-11T19:06:24 | plotting.endurance_plots -> plotting.endurance or from plotting.endurance.endurance_plots | C:\Users\ppxcv1\Documents\GitHub\Switchbox_GUI\analysis\aggregators\section_analyzer.py:81
2026-02-11T19:06:25 | plotting.device_combined_plots -> plotting.device or from plotting.device.device_combined_plots | C:\Users\ppxcv1\Documents\GitHub\Switchbox_GUI\analysis\aggregators\comprehensive_analyzer.py:72
2026-02-11T19:10:14 | plotting.sample_plots -> plotting.sample or from plotting.sample.sample_plots | C:\Users\ppxcv1\Documents\GitHub\Switchbox_GUI\analysis\aggregators\section_analyzer.py:81
2026-02-11T19:10:14 | plotting.endurance_plots -> plotting.endurance or from plotting.endurance.endurance_plots | C:\Users\ppxcv1\Documents\GitHub\Switchbox_GUI\analysis\aggregators\section_analyzer.py:81
2026-02-11T19:10:14 | plotting.device_combined_plots -> plotting.device or from plotting.device.device_combined_plots | C:\Users\ppxcv1\Documents\GitHub\Switchbox_GUI\analysis\aggregators\comprehensive_analyzer.py:72
2026-02-11T19:15:38 | plotting.sample_plots -> plotting.sample or from plotting.sample.sample_plots | C:\Users\ppxcv1\Documents\GitHub\Switchbox_GUI\analysis\aggregators\section_analyzer.py:81
2026-02-11T19:15:38 | plotting.endurance_plots -> plotting.endurance or from plotting.endurance.endurance_plots | C:\Users\ppxcv1\Documents\GitHub\Switchbox_GUI\analysis\aggregators\section_analyzer.py:81
2026-02-11T19:15:38 | plotting.device_combined_plots -> plotting.device or from plotting.device.device_combined_plots | C:\Users\ppxcv1\Documents\GitHub\Switchbox_GUI\analysis\aggregators\comprehensive_analyzer.py:72
2026-02-13T12:52:43 | plotting.sample_plots -> plotting.sample or from plotting.sample.sample_plots | C:\Users\ppxcv1\Documents\GitHub\Switchbox_GUI\analysis\aggregators\section_analyzer.py:81
2026-02-13T12:52:43 | plotting.endurance_plots -> plotting.endurance or from plotting.endurance.endurance_plots | C:\Users\ppxcv1\Documents\GitHub\Switchbox_GUI\analysis\aggregators\section_analyzer.py:81
2026-02-13T12:52:43 | plotting.device_combined_plots -> plotting.device or from plotting.device.device_combined_plots | C:\Users\ppxcv1\Documents\GitHub\Switchbox_GUI\analysis\aggregators\comprehensive_analyzer.py:72
2026-02-13T23:55:43 | plotting.sample_plots -> plotting.sample or from plotting.sample.sample_plots | C:\Users\ppxcv1\Documents\GitHub\Switchbox_GUI\analysis\aggregators\section_analyzer.py:81
2026-02-13T23:55:43 | plotting.endurance_plots -> plotting.endurance or from plotting.endurance.endurance_plots | C:\Users\ppxcv1\Documents\GitHub\Switchbox_GUI\analysis\aggregators\section_analyzer.py:81
2026-02-13T23:55:43 | plotting.device_combined_plots -> plotting.device or from plotting.device.device_combined_plots | C:\Users\ppxcv1\Documents\GitHub\Switchbox_GUI\analysis\aggregators\comprehensive_analyzer.py:72
2026-02-13T23:58:52 | plotting.sample_plots -> plotting.sample or from plotting.sample.sample_plots | C:\Users\ppxcv1\Documents\GitHub\Switchbox_GUI\analysis\aggregators\section_analyzer.py:81
2026-02-13T23:58:52 | plotting.endurance_plots -> plotting.endurance or from plotting.endurance.endurance_plots | C:\Users\ppxcv1\Documents\GitHub\Switchbox_GUI\analysis\aggregators\section_analyzer.py:81
2026-02-13T23:58:52 | plotting.device_combined_plots -> plotting.device or from plotting.device.device_combined_plots | C:\Users\ppxcv1\Documents\GitHub\Switchbox_GUI\analysis\aggregators\comprehensive_analyzer.py:72
2026-02-17T15:35:02 | plotting.sample_plots -> plotting.sample or from plotting.sample.sample_plots | c:\Users\ppxcv1\Documents\GitHub\Switchbox_GUI\gui\measurement_gui\plot_handlers.py:234
2026-02-17T15:35:02 | plotting.endurance_plots -> plotting.endurance or from plotting.endurance.endurance_plots | c:\Users\ppxcv1\Documents\GitHub\Switchbox_GUI\gui\measurement_gui\plot_handlers.py:234
2026-02-17T17:58:39 | plotting.device_combined_plots -> plotting.device or from plotting.device.device_combined_plots | C:\Users\ppxcv1\Documents\GitHub\Switchbox_GUI\analysis\aggregators\comprehensive_analyzer.py:72
2026-03-09T16:18:39 | plotting.sample_plots -> plotting.sample or from plotting.sample.sample_plots | <string>:1
2026-03-09T16:18:39 | plotting.endurance_plots -> plotting.endurance or from plotting.endurance.endurance_plots | <string>:1
2026-03-30T12:44:06 | plotting.sample_plots -> plotting.sample or from plotting.sample.sample_plots | c:\Users\ppxcv1\OneDrive - The University of Nottingham\Documents\GitHub_labpc1\Switchbox_GUI\gui\measurement_gui\plot_handlers.py:556
2026-03-30T12:44:07 | plotting.endurance_plots -> plotting.endurance or from plotting.endurance.endurance_plots | c:\Users\ppxcv1\OneDrive - The University of Nottingham\Documents\GitHub_labpc1\Switchbox_GUI\gui\measurement_gui\plot_handlers.py:556
2026-03-31T14:05:35 | plotting.sample_plots -> plotting.sample or from plotting.sample.sample_plots | c:\Users\ppxcv1\OneDrive - The University of Nottingham\Documents\GitHub_labpc1\Switchbox_GUI\gui\measurement_gui\plot_handlers.py:556
2026-03-31T14:05:35 | plotting.endurance_plots -> plotting.endurance or from plotting.endurance.endurance_plots | c:\Users\ppxcv1\OneDrive - The University of Nottingham\Documents\GitHub_labpc1\Switchbox_GUI\gui\measurement_gui\plot_handlers.py:556
2026-04-03T17:48:52 | plotting.sample_plots -> plotting.sample or from plotting.sample.sample_plots | C:\Users\craig\AppData\Local\Programs\Python\Python310\lib\site-packages\PyInstaller\utils\hooks\__init__.py:665
2026-04-03T17:48:52 | plotting.endurance_plots -> plotting.endurance or from plotting.endurance.endurance_plots | C:\Users\craig\AppData\Local\Programs\Python\Python310\lib\site-packages\PyInstaller\utils\hooks\__init__.py:665
